2015/11/06 14:17:30 INFO  - jmeter.util.JMeterUtils: Setting Locale to en_US 
2015/11/06 14:17:30 INFO  - jmeter.JMeter: Loading user properties from: /usr/share/jmeter/bin/user.properties 
2015/11/06 14:17:30 INFO  - jmeter.JMeter: Loading system properties from: /usr/share/jmeter/bin/system.properties 
2015/11/06 14:17:30 INFO  - jmeter.JMeter: Copyright (c) 1998-2015 The Apache Software Foundation 
2015/11/06 14:17:30 INFO  - jmeter.JMeter: Version 2.13 r1665067 
2015/11/06 14:17:30 INFO  - jmeter.JMeter: java.version=1.8.0_25 
2015/11/06 14:17:30 INFO  - jmeter.JMeter: java.vm.name=Java HotSpot(TM) 64-Bit Server VM 
2015/11/06 14:17:30 INFO  - jmeter.JMeter: os.name=Linux 
2015/11/06 14:17:30 INFO  - jmeter.JMeter: os.arch=amd64 
2015/11/06 14:17:30 INFO  - jmeter.JMeter: os.version=3.13.0-66-generic 
2015/11/06 14:17:30 INFO  - jmeter.JMeter: file.encoding=UTF-8 
2015/11/06 14:17:30 INFO  - jmeter.JMeter: Default Locale=English (United States) 
2015/11/06 14:17:30 INFO  - jmeter.JMeter: JMeter  Locale=English (United States) 
2015/11/06 14:17:30 INFO  - jmeter.JMeter: JMeterHome=/usr/share/jmeter 
2015/11/06 14:17:30 INFO  - jmeter.JMeter: user.dir  =/home/abhishek/Projects/aptimyze 
2015/11/06 14:17:30 INFO  - jmeter.JMeter: PWD       =/home/abhishek/Projects/aptimyze 
2015/11/06 14:17:30 INFO  - jmeter.JMeter: IP: 127.0.1.1 Name: Bhatia-PC FullName: Bhatia-PC 
2015/11/06 14:17:30 INFO  - jmeter.services.FileServer: Default base='/home/abhishek/Projects/aptimyze' 
2015/11/06 14:17:30 INFO  - jmeter.services.FileServer: Set new base='/home/abhishek/Projects/aptimyze/storage/test/script' 
2015/11/06 14:17:31 INFO  - jmeter.save.SaveService: Testplan (JMX) version: 2.2. Testlog (JTL) version: 2.2 
2015/11/06 14:17:31 INFO  - jmeter.save.SaveService: Using SaveService properties file encoding UTF-8 
2015/11/06 14:17:31 INFO  - jmeter.save.SaveService: Using SaveService properties file version 1656252 
2015/11/06 14:17:31 INFO  - jmeter.save.SaveService: Using SaveService properties version 2.8 
2015/11/06 14:17:31 INFO  - jmeter.save.SaveService: All converter versions present and correct 
2015/11/06 14:17:31 INFO  - jmeter.save.SaveService: Loading file: /home/abhishek/Projects/aptimyze/storage/test/script/1256300350.jmx 
2015/11/06 14:17:31 INFO  - jmeter.protocol.http.control.CacheManager: Will only cache the following methods: [GET] 
2015/11/06 14:17:31 INFO  - jmeter.protocol.http.control.CookieManager: Settings: Delete null: true Check: true Allow variable: true Save: false Prefix: COOKIE_ 
2015/11/06 14:17:31 INFO  - jmeter.protocol.http.sampler.HTTPSamplerBase: Cannot find .className property for htmlParser, using default 
2015/11/06 14:17:31 INFO  - jmeter.protocol.http.sampler.HTTPSamplerBase: Parser for text/html is  
2015/11/06 14:17:31 INFO  - jmeter.protocol.http.sampler.HTTPSamplerBase: Parser for application/xhtml+xml is  
2015/11/06 14:17:31 INFO  - jmeter.protocol.http.sampler.HTTPSamplerBase: Parser for application/xml is  
2015/11/06 14:17:31 INFO  - jmeter.protocol.http.sampler.HTTPSamplerBase: Parser for text/xml is  
2015/11/06 14:17:31 INFO  - jmeter.protocol.http.sampler.HTTPSamplerBase: Parser for text/vnd.wap.wml is org.apache.jmeter.protocol.http.parser.RegexpHTMLParser 
2015/11/06 14:17:31 INFO  - jmeter.JMeter: Creating summariser <summary> 
2015/11/06 14:17:31 INFO  - jmeter.engine.StandardJMeterEngine: Listeners will be started after enabling running version 
2015/11/06 14:17:31 INFO  - jmeter.engine.StandardJMeterEngine: To revert to the earlier behaviour, define jmeterengine.startlistenerslater=false 
2015/11/06 14:17:31 INFO  - jmeter.engine.StandardJMeterEngine: Running the test! 
2015/11/06 14:17:31 INFO  - jmeter.samplers.SampleEvent: List of sample_variables: [] 
2015/11/06 14:17:31 INFO  - jmeter.samplers.SampleEvent: List of sample_variables: [] 
2015/11/06 14:17:31 INFO  - jmeter.engine.util.CompoundVariable: Note: Function class names must contain the string: '.functions.' 
2015/11/06 14:17:31 INFO  - jmeter.engine.util.CompoundVariable: Note: Function class names must not contain the string: '.gui.' 
2015/11/06 14:17:31 INFO  - jmeter.JMeter: Running test (1446799651417) 
2015/11/06 14:17:31 INFO  - jmeter.engine.StandardJMeterEngine: Starting ThreadGroup: 1 : Thread Group 
2015/11/06 14:17:31 INFO  - jmeter.engine.StandardJMeterEngine: Starting 25 threads for group Thread Group. 
2015/11/06 14:17:31 INFO  - jmeter.engine.StandardJMeterEngine: Thread will continue on error 
2015/11/06 14:17:31 INFO  - jmeter.threads.ThreadGroup: Starting thread group number 1 threads 25 ramp-up 50 perThread 2000.0 delayedStart=false 
2015/11/06 14:17:31 INFO  - jmeter.threads.JMeterThread: jmeterthread.startearlier=true (see jmeter.properties) 
2015/11/06 14:17:31 INFO  - jmeter.threads.JMeterThread: Running PostProcessors in forward order 
2015/11/06 14:17:31 INFO  - jmeter.threads.JMeterThread: Thread started: Thread Group 1-1 
2015/11/06 14:17:31 INFO  - jmeter.threads.ThreadGroup: Started thread group number 1 
2015/11/06 14:17:31 INFO  - jmeter.engine.StandardJMeterEngine: All thread groups have been started 
2015/11/06 14:17:32 INFO  - jmeter.protocol.http.sampler.HTTPHCAbstractImpl: Local host = Bhatia-PC 
2015/11/06 14:17:32 INFO  - jmeter.protocol.http.sampler.HTTPHC4Impl: HTTP request retry count = 0 
2015/11/06 14:17:32 INFO  - jmeter.protocol.http.sampler.HTTPHC4Impl: Setting up HTTPS TrustAll scheme 
2015/11/06 14:17:32 INFO  - jmeter.util.JsseSSLManager: Using default SSL protocol: TLS 
2015/11/06 14:17:32 INFO  - jmeter.util.JsseSSLManager: SSL session context: per-thread 
2015/11/06 14:17:32 INFO  - jmeter.samplers.SampleResult: Note: Sample TimeStamps are START times 
2015/11/06 14:17:32 INFO  - jmeter.samplers.SampleResult: sampleresult.default.encoding is set to ISO-8859-1 
2015/11/06 14:17:32 INFO  - jmeter.samplers.SampleResult: sampleresult.useNanoTime=true 
2015/11/06 14:17:32 INFO  - jmeter.samplers.SampleResult: sampleresult.nanoThreadSleep=5000 
2015/11/06 14:17:33 INFO  - jmeter.threads.JMeterThread: Thread started: Thread Group 1-2 
2015/11/06 14:17:35 INFO  - jmeter.threads.JMeterThread: Thread started: Thread Group 1-3 
2015/11/06 14:17:37 INFO  - jmeter.threads.JMeterThread: Thread started: Thread Group 1-4 
2015/11/06 14:17:39 INFO  - jmeter.threads.JMeterThread: Thread started: Thread Group 1-5 
2015/11/06 14:17:41 INFO  - jmeter.threads.JMeterThread: Thread started: Thread Group 1-6 
2015/11/06 14:17:43 INFO  - jmeter.threads.JMeterThread: Thread started: Thread Group 1-7 
2015/11/06 14:17:45 INFO  - jmeter.threads.JMeterThread: Thread started: Thread Group 1-8 
2015/11/06 14:17:47 INFO  - jmeter.threads.JMeterThread: Thread started: Thread Group 1-9 
2015/11/06 14:17:49 INFO  - jmeter.threads.JMeterThread: Thread started: Thread Group 1-10 
2015/11/06 14:17:51 INFO  - jmeter.threads.JMeterThread: Thread started: Thread Group 1-11 
2015/11/06 14:17:53 INFO  - jmeter.threads.JMeterThread: Thread started: Thread Group 1-12 
2015/11/06 14:17:55 INFO  - jmeter.threads.JMeterThread: Thread started: Thread Group 1-13 
2015/11/06 14:17:57 INFO  - jmeter.threads.JMeterThread: Thread started: Thread Group 1-14 
2015/11/06 14:17:59 INFO  - jmeter.threads.JMeterThread: Thread started: Thread Group 1-15 
2015/11/06 14:18:01 INFO  - jmeter.threads.JMeterThread: Thread started: Thread Group 1-16 
2015/11/06 14:18:03 INFO  - jmeter.threads.JMeterThread: Thread started: Thread Group 1-17 
2015/11/06 14:18:05 INFO  - jmeter.threads.JMeterThread: Thread started: Thread Group 1-18 
2015/11/06 14:18:07 INFO  - jmeter.threads.JMeterThread: Thread started: Thread Group 1-19 
2015/11/06 14:18:09 INFO  - jmeter.threads.JMeterThread: Thread started: Thread Group 1-20 
2015/11/06 14:18:11 INFO  - jmeter.threads.JMeterThread: Thread started: Thread Group 1-21 
2015/11/06 14:18:12 INFO  - jmeter.util.SSLManager: JmeterKeyStore Location:  type JKS 
2015/11/06 14:18:12 INFO  - jmeter.util.SSLManager: KeyStore created OK 
2015/11/06 14:18:12 WARN  - jmeter.util.SSLManager: Keystore file not found, loading empty keystore 
2015/11/06 14:18:13 INFO  - jmeter.threads.JMeterThread: Thread started: Thread Group 1-22 
2015/11/06 14:18:15 INFO  - jmeter.threads.JMeterThread: Thread started: Thread Group 1-23 
2015/11/06 14:18:17 INFO  - jmeter.threads.JMeterThread: Thread started: Thread Group 1-24 
2015/11/06 14:18:19 INFO  - jmeter.threads.JMeterThread: Thread started: Thread Group 1-25 
2015/11/06 14:20:03 INFO  - jmeter.reporters.Summariser: summary +      7 in   152s =    0.0/s Avg: 120348 Min: 104795 Max: 138910 Err:     7 (100.00%) Active: 25 Started: 25 Finished: 0 
2015/11/06 14:20:55 INFO  - jmeter.reporters.ResultCollector: Shutdown hook started 
2015/11/06 14:20:55 INFO  - jmeter.reporters.ResultCollector: Shutdown hook ended 
