2015/11/24 21:56:21 INFO  - jmeter.util.JMeterUtils: Setting Locale to en_US 
2015/11/24 21:56:21 INFO  - jmeter.JMeter: Loading user properties from: /usr/share/jmeter/bin/user.properties 
2015/11/24 21:56:21 INFO  - jmeter.JMeter: Loading system properties from: /usr/share/jmeter/bin/system.properties 
2015/11/24 21:56:21 INFO  - jmeter.JMeter: Copyright (c) 1998-2015 The Apache Software Foundation 
2015/11/24 21:56:21 INFO  - jmeter.JMeter: Version 2.13 r1665067 
2015/11/24 21:56:21 INFO  - jmeter.JMeter: java.version=1.8.0_25 
2015/11/24 21:56:21 INFO  - jmeter.JMeter: java.vm.name=Java HotSpot(TM) 64-Bit Server VM 
2015/11/24 21:56:21 INFO  - jmeter.JMeter: os.name=Linux 
2015/11/24 21:56:21 INFO  - jmeter.JMeter: os.arch=amd64 
2015/11/24 21:56:21 INFO  - jmeter.JMeter: os.version=3.13.0-68-generic 
2015/11/24 21:56:21 INFO  - jmeter.JMeter: file.encoding=UTF-8 
2015/11/24 21:56:21 INFO  - jmeter.JMeter: Default Locale=English (United States) 
2015/11/24 21:56:21 INFO  - jmeter.JMeter: JMeter  Locale=English (United States) 
2015/11/24 21:56:21 INFO  - jmeter.JMeter: JMeterHome=/usr/share/jmeter 
2015/11/24 21:56:21 INFO  - jmeter.JMeter: user.dir  =/home/abhishek/Projects/aptimyze/public 
2015/11/24 21:56:21 INFO  - jmeter.JMeter: PWD       =/home/abhishek/Projects/aptimyze/public 
2015/11/24 21:56:21 INFO  - jmeter.JMeter: IP: 127.0.1.1 Name: Bhatia-PC FullName: Bhatia-PC 
2015/11/24 21:56:21 INFO  - jmeter.services.FileServer: Default base='/home/abhishek/Projects/aptimyze/public' 
2015/11/24 21:56:21 INFO  - jmeter.services.FileServer: Set new base='/home/abhishek/Projects/aptimyze/storage/test/script' 
2015/11/24 21:56:21 INFO  - jmeter.save.SaveService: Testplan (JMX) version: 2.2. Testlog (JTL) version: 2.2 
2015/11/24 21:56:21 INFO  - jmeter.save.SaveService: Using SaveService properties file encoding UTF-8 
2015/11/24 21:56:21 INFO  - jmeter.save.SaveService: Using SaveService properties file version 1656252 
2015/11/24 21:56:21 INFO  - jmeter.save.SaveService: Using SaveService properties version 2.8 
2015/11/24 21:56:21 INFO  - jmeter.save.SaveService: All converter versions present and correct 
2015/11/24 21:56:21 INFO  - jmeter.save.SaveService: Loading file: /home/abhishek/Projects/aptimyze/storage/test/script/928142454.jmx 
2015/11/24 21:56:21 INFO  - jmeter.protocol.http.control.CacheManager: Will only cache the following methods: [GET] 
2015/11/24 21:56:21 INFO  - jmeter.protocol.http.control.CookieManager: Settings: Delete null: true Check: true Allow variable: true Save: false Prefix: COOKIE_ 
2015/11/24 21:56:21 INFO  - jmeter.protocol.http.sampler.HTTPSamplerBase: Cannot find .className property for htmlParser, using default 
2015/11/24 21:56:21 INFO  - jmeter.protocol.http.sampler.HTTPSamplerBase: Parser for text/html is  
2015/11/24 21:56:21 INFO  - jmeter.protocol.http.sampler.HTTPSamplerBase: Parser for application/xhtml+xml is  
2015/11/24 21:56:21 INFO  - jmeter.protocol.http.sampler.HTTPSamplerBase: Parser for application/xml is  
2015/11/24 21:56:21 INFO  - jmeter.protocol.http.sampler.HTTPSamplerBase: Parser for text/xml is  
2015/11/24 21:56:21 INFO  - jmeter.protocol.http.sampler.HTTPSamplerBase: Parser for text/vnd.wap.wml is org.apache.jmeter.protocol.http.parser.RegexpHTMLParser 
2015/11/24 21:56:21 INFO  - jmeter.JMeter: Creating summariser <summary> 
2015/11/24 21:56:21 INFO  - jmeter.engine.StandardJMeterEngine: Listeners will be started after enabling running version 
2015/11/24 21:56:21 INFO  - jmeter.engine.StandardJMeterEngine: To revert to the earlier behaviour, define jmeterengine.startlistenerslater=false 
2015/11/24 21:56:21 INFO  - jmeter.engine.StandardJMeterEngine: Running the test! 
2015/11/24 21:56:21 INFO  - jmeter.samplers.SampleEvent: List of sample_variables: [] 
2015/11/24 21:56:21 INFO  - jmeter.samplers.SampleEvent: List of sample_variables: [] 
2015/11/24 21:56:21 INFO  - jmeter.engine.util.CompoundVariable: Note: Function class names must contain the string: '.functions.' 
2015/11/24 21:56:21 INFO  - jmeter.engine.util.CompoundVariable: Note: Function class names must not contain the string: '.gui.' 
2015/11/24 21:56:21 INFO  - jmeter.JMeter: Running test (1448382381857) 
2015/11/24 21:56:21 INFO  - jmeter.engine.StandardJMeterEngine: Starting ThreadGroup: 1 : Thread Group 
2015/11/24 21:56:21 INFO  - jmeter.engine.StandardJMeterEngine: Starting 25 threads for group Thread Group. 
2015/11/24 21:56:21 INFO  - jmeter.engine.StandardJMeterEngine: Thread will continue on error 
2015/11/24 21:56:21 INFO  - jmeter.threads.ThreadGroup: Starting thread group number 1 threads 25 ramp-up 50 perThread 2000.0 delayedStart=false 
2015/11/24 21:56:21 INFO  - jmeter.threads.JMeterThread: jmeterthread.startearlier=true (see jmeter.properties) 
2015/11/24 21:56:21 INFO  - jmeter.threads.JMeterThread: Running PostProcessors in forward order 
2015/11/24 21:56:21 INFO  - jmeter.threads.JMeterThread: Thread started: Thread Group 1-1 
2015/11/24 21:56:21 INFO  - jmeter.threads.ThreadGroup: Started thread group number 1 
2015/11/24 21:56:21 INFO  - jmeter.engine.StandardJMeterEngine: All thread groups have been started 
2015/11/24 21:56:22 INFO  - jmeter.protocol.http.sampler.HTTPHCAbstractImpl: Local host = Bhatia-PC 
2015/11/24 21:56:22 INFO  - jmeter.protocol.http.sampler.HTTPHC4Impl: HTTP request retry count = 0 
2015/11/24 21:56:22 INFO  - jmeter.protocol.http.sampler.HTTPHC4Impl: Setting up HTTPS TrustAll scheme 
2015/11/24 21:56:22 INFO  - jmeter.util.JsseSSLManager: Using default SSL protocol: TLS 
2015/11/24 21:56:22 INFO  - jmeter.util.JsseSSLManager: SSL session context: per-thread 
2015/11/24 21:56:23 INFO  - jmeter.samplers.SampleResult: Note: Sample TimeStamps are START times 
2015/11/24 21:56:23 INFO  - jmeter.samplers.SampleResult: sampleresult.default.encoding is set to ISO-8859-1 
2015/11/24 21:56:23 INFO  - jmeter.samplers.SampleResult: sampleresult.useNanoTime=true 
2015/11/24 21:56:23 INFO  - jmeter.samplers.SampleResult: sampleresult.nanoThreadSleep=5000 
2015/11/24 21:56:23 INFO  - jmeter.util.SSLManager: JmeterKeyStore Location:  type JKS 
2015/11/24 21:56:23 INFO  - jmeter.util.SSLManager: KeyStore created OK 
2015/11/24 21:56:23 WARN  - jmeter.util.SSLManager: Keystore file not found, loading empty keystore 
2015/11/24 21:56:23 INFO  - jmeter.threads.JMeterThread: Thread started: Thread Group 1-2 
2015/11/24 21:56:24 INFO  - jmeter.protocol.http.parser.HTMLParser: Created org.apache.jmeter.protocol.http.parser.LagartoBasedHtmlParser 
2015/11/24 21:56:25 INFO  - jmeter.threads.JMeterThread: Thread started: Thread Group 1-3 
2015/11/24 21:56:27 INFO  - jmeter.threads.JMeterThread: Thread started: Thread Group 1-4 
2015/11/24 21:56:29 INFO  - jmeter.threads.JMeterThread: Thread started: Thread Group 1-5 
2015/11/24 21:56:30 INFO  - jmeter.reporters.Summariser: summary +      2 in     9s =    0.2/s Avg:  5695 Min:  5514 Max:  5877 Err:     0 (0.00%) Active: 5 Started: 5 Finished: 0 
2015/11/24 21:56:31 INFO  - jmeter.threads.JMeterThread: Thread started: Thread Group 1-6 
2015/11/24 21:56:33 INFO  - jmeter.threads.JMeterThread: Thread started: Thread Group 1-7 
2015/11/24 21:56:35 INFO  - jmeter.threads.JMeterThread: Thread started: Thread Group 1-8 
2015/11/24 21:56:37 INFO  - jmeter.threads.JMeterThread: Thread started: Thread Group 1-9 
2015/11/24 21:56:39 INFO  - jmeter.threads.JMeterThread: Thread started: Thread Group 1-10 
2015/11/24 21:56:41 INFO  - jmeter.threads.JMeterThread: Thread started: Thread Group 1-11 
2015/11/24 21:56:43 INFO  - jmeter.threads.JMeterThread: Thread started: Thread Group 1-12 
2015/11/24 21:56:45 INFO  - jmeter.threads.JMeterThread: Thread started: Thread Group 1-13 
2015/11/24 21:56:47 INFO  - jmeter.threads.JMeterThread: Thread started: Thread Group 1-14 
2015/11/24 21:56:49 INFO  - jmeter.threads.JMeterThread: Thread started: Thread Group 1-15 
2015/11/24 21:56:51 INFO  - jmeter.threads.JMeterThread: Thread started: Thread Group 1-16 
2015/11/24 21:56:53 INFO  - jmeter.threads.JMeterThread: Thread started: Thread Group 1-17 
2015/11/24 21:56:55 INFO  - jmeter.threads.JMeterThread: Thread started: Thread Group 1-18 
2015/11/24 21:56:57 INFO  - jmeter.threads.JMeterThread: Thread started: Thread Group 1-19 
2015/11/24 21:56:59 INFO  - jmeter.threads.JMeterThread: Thread started: Thread Group 1-20 
2015/11/24 21:57:00 INFO  - jmeter.reporters.Summariser: summary +     49 in  30.1s =    1.6/s Avg:  5431 Min:  5005 Max:  6379 Err:     0 (0.00%) Active: 20 Started: 20 Finished: 0 
2015/11/24 21:57:00 INFO  - jmeter.reporters.Summariser: summary =     51 in    39s =    1.3/s Avg:  5441 Min:  5005 Max:  6379 Err:     0 (0.00%) 
2015/11/24 21:57:01 INFO  - jmeter.threads.JMeterThread: Thread started: Thread Group 1-21 
2015/11/24 21:57:03 INFO  - jmeter.threads.JMeterThread: Thread started: Thread Group 1-22 
2015/11/24 21:57:05 INFO  - jmeter.threads.JMeterThread: Thread started: Thread Group 1-23 
2015/11/24 21:57:07 INFO  - jmeter.threads.JMeterThread: Thread started: Thread Group 1-24 
2015/11/24 21:57:09 INFO  - jmeter.threads.JMeterThread: Thread started: Thread Group 1-25 
2015/11/24 21:57:30 INFO  - jmeter.reporters.Summariser: summary +     88 in    30s =    2.9/s Avg:  6842 Min:  5330 Max: 10059 Err:     0 (0.00%) Active: 25 Started: 25 Finished: 0 
2015/11/24 21:57:30 INFO  - jmeter.reporters.Summariser: summary =    139 in    69s =    2.0/s Avg:  6328 Min:  5005 Max: 10059 Err:     0 (0.00%) 
2015/11/24 21:58:00 INFO  - jmeter.reporters.Summariser: summary +    103 in    30s =    3.4/s Avg:  6181 Min:  5638 Max:  7066 Err:     0 (0.00%) Active: 25 Started: 25 Finished: 0 
2015/11/24 21:58:00 INFO  - jmeter.reporters.Summariser: summary =    242 in    99s =    2.5/s Avg:  6266 Min:  5005 Max: 10059 Err:     0 (0.00%) 
2015/11/24 21:58:30 INFO  - jmeter.reporters.Summariser: summary +     97 in    30s =    3.3/s Avg:  6932 Min:  5882 Max:  8386 Err:     0 (0.00%) Active: 25 Started: 25 Finished: 0 
2015/11/24 21:58:30 INFO  - jmeter.reporters.Summariser: summary =    339 in   128s =    2.6/s Avg:  6456 Min:  5005 Max: 10059 Err:     0 (0.00%) 
2015/11/24 21:59:00 INFO  - jmeter.reporters.Summariser: summary +    101 in    30s =    3.4/s Avg:  6298 Min:  5734 Max:  7546 Err:     0 (0.00%) Active: 25 Started: 25 Finished: 0 
2015/11/24 21:59:00 INFO  - jmeter.reporters.Summariser: summary =    440 in   158s =    2.8/s Avg:  6420 Min:  5005 Max: 10059 Err:     0 (0.00%) 
2015/11/24 21:59:30 INFO  - jmeter.reporters.Summariser: summary +     80 in    30s =    2.7/s Avg:  7687 Min:  6089 Max: 10614 Err:     0 (0.00%) Active: 25 Started: 25 Finished: 0 
2015/11/24 21:59:30 INFO  - jmeter.reporters.Summariser: summary =    520 in   188s =    2.8/s Avg:  6615 Min:  5005 Max: 10614 Err:     0 (0.00%) 
2015/11/24 22:00:00 INFO  - jmeter.reporters.Summariser: summary +    100 in  30.4s =    3.3/s Avg:  7012 Min:  5699 Max: 10503 Err:     0 (0.00%) Active: 25 Started: 25 Finished: 0 
2015/11/24 22:00:00 INFO  - jmeter.reporters.Summariser: summary =    620 in   218s =    2.8/s Avg:  6679 Min:  5005 Max: 10614 Err:     0 (0.00%) 
2015/11/24 22:00:30 INFO  - jmeter.reporters.Summariser: summary +    101 in    30s =    3.4/s Avg:  6347 Min:  5671 Max:  8033 Err:     0 (0.00%) Active: 25 Started: 25 Finished: 0 
2015/11/24 22:00:30 INFO  - jmeter.reporters.Summariser: summary =    721 in   248s =    2.9/s Avg:  6632 Min:  5005 Max: 10614 Err:     0 (0.00%) 
2015/11/24 22:01:00 INFO  - jmeter.reporters.Summariser: summary +     87 in  30.5s =    2.9/s Avg:  7551 Min:  6492 Max: 10956 Err:     0 (0.00%) Active: 25 Started: 25 Finished: 0 
2015/11/24 22:01:00 INFO  - jmeter.reporters.Summariser: summary =    808 in   279s =    2.9/s Avg:  6731 Min:  5005 Max: 10956 Err:     0 (0.00%) 
2015/11/24 22:01:22 INFO  - jmeter.threads.JMeterThread: Stopping because end time detected by thread: Thread Group 1-14 
2015/11/24 22:01:22 INFO  - jmeter.threads.JMeterThread: Thread finished: Thread Group 1-14 
2015/11/24 22:01:22 INFO  - jmeter.threads.JMeterThread: Stopping because end time detected by thread: Thread Group 1-8 
2015/11/24 22:01:22 INFO  - jmeter.threads.JMeterThread: Thread finished: Thread Group 1-8 
2015/11/24 22:01:23 INFO  - jmeter.threads.JMeterThread: Stopping because end time detected by thread: Thread Group 1-25 
2015/11/24 22:01:23 INFO  - jmeter.threads.JMeterThread: Thread finished: Thread Group 1-25 
2015/11/24 22:01:23 INFO  - jmeter.threads.JMeterThread: Stopping because end time detected by thread: Thread Group 1-3 
2015/11/24 22:01:23 INFO  - jmeter.threads.JMeterThread: Thread finished: Thread Group 1-3 
2015/11/24 22:01:24 INFO  - jmeter.threads.JMeterThread: Stopping because end time detected by thread: Thread Group 1-12 
2015/11/24 22:01:24 INFO  - jmeter.threads.JMeterThread: Thread finished: Thread Group 1-12 
2015/11/24 22:01:24 INFO  - jmeter.threads.JMeterThread: Stopping because end time detected by thread: Thread Group 1-6 
2015/11/24 22:01:24 INFO  - jmeter.threads.JMeterThread: Thread finished: Thread Group 1-6 
2015/11/24 22:01:24 INFO  - jmeter.threads.JMeterThread: Stopping because end time detected by thread: Thread Group 1-18 
2015/11/24 22:01:24 INFO  - jmeter.threads.JMeterThread: Thread finished: Thread Group 1-18 
2015/11/24 22:01:24 INFO  - jmeter.threads.JMeterThread: Stopping because end time detected by thread: Thread Group 1-22 
2015/11/24 22:01:24 INFO  - jmeter.threads.JMeterThread: Thread finished: Thread Group 1-22 
2015/11/24 22:01:24 INFO  - jmeter.threads.JMeterThread: Stopping because end time detected by thread: Thread Group 1-7 
2015/11/24 22:01:24 INFO  - jmeter.threads.JMeterThread: Thread finished: Thread Group 1-7 
2015/11/24 22:01:25 INFO  - jmeter.threads.JMeterThread: Stopping because end time detected by thread: Thread Group 1-15 
2015/11/24 22:01:25 INFO  - jmeter.threads.JMeterThread: Thread finished: Thread Group 1-15 
2015/11/24 22:01:25 INFO  - jmeter.threads.JMeterThread: Stopping because end time detected by thread: Thread Group 1-13 
2015/11/24 22:01:25 INFO  - jmeter.threads.JMeterThread: Thread finished: Thread Group 1-13 
2015/11/24 22:01:25 INFO  - jmeter.threads.JMeterThread: Stopping because end time detected by thread: Thread Group 1-16 
2015/11/24 22:01:25 INFO  - jmeter.threads.JMeterThread: Thread finished: Thread Group 1-16 
2015/11/24 22:01:25 INFO  - jmeter.threads.JMeterThread: Stopping because end time detected by thread: Thread Group 1-23 
2015/11/24 22:01:25 INFO  - jmeter.threads.JMeterThread: Thread finished: Thread Group 1-23 
2015/11/24 22:01:25 INFO  - jmeter.threads.JMeterThread: Stopping because end time detected by thread: Thread Group 1-19 
2015/11/24 22:01:25 INFO  - jmeter.threads.JMeterThread: Thread finished: Thread Group 1-19 
2015/11/24 22:01:26 INFO  - jmeter.threads.JMeterThread: Stopping because end time detected by thread: Thread Group 1-1 
2015/11/24 22:01:26 INFO  - jmeter.threads.JMeterThread: Thread finished: Thread Group 1-1 
2015/11/24 22:01:26 INFO  - jmeter.threads.JMeterThread: Stopping because end time detected by thread: Thread Group 1-24 
2015/11/24 22:01:26 INFO  - jmeter.threads.JMeterThread: Thread finished: Thread Group 1-24 
2015/11/24 22:01:26 INFO  - jmeter.threads.JMeterThread: Stopping because end time detected by thread: Thread Group 1-9 
2015/11/24 22:01:26 INFO  - jmeter.threads.JMeterThread: Thread finished: Thread Group 1-9 
2015/11/24 22:01:26 INFO  - jmeter.threads.JMeterThread: Stopping because end time detected by thread: Thread Group 1-11 
2015/11/24 22:01:26 INFO  - jmeter.threads.JMeterThread: Thread finished: Thread Group 1-11 
2015/11/24 22:01:27 INFO  - jmeter.threads.JMeterThread: Stopping because end time detected by thread: Thread Group 1-10 
2015/11/24 22:01:27 INFO  - jmeter.threads.JMeterThread: Thread finished: Thread Group 1-10 
2015/11/24 22:01:27 INFO  - jmeter.threads.JMeterThread: Stopping because end time detected by thread: Thread Group 1-2 
2015/11/24 22:01:27 INFO  - jmeter.threads.JMeterThread: Thread finished: Thread Group 1-2 
2015/11/24 22:01:27 INFO  - jmeter.threads.JMeterThread: Stopping because end time detected by thread: Thread Group 1-21 
2015/11/24 22:01:27 INFO  - jmeter.threads.JMeterThread: Thread finished: Thread Group 1-21 
2015/11/24 22:01:28 INFO  - jmeter.threads.JMeterThread: Stopping because end time detected by thread: Thread Group 1-5 
2015/11/24 22:01:28 INFO  - jmeter.threads.JMeterThread: Thread finished: Thread Group 1-5 
2015/11/24 22:01:28 INFO  - jmeter.threads.JMeterThread: Stopping because end time detected by thread: Thread Group 1-17 
2015/11/24 22:01:28 INFO  - jmeter.threads.JMeterThread: Thread finished: Thread Group 1-17 
2015/11/24 22:01:28 INFO  - jmeter.threads.JMeterThread: Stopping because end time detected by thread: Thread Group 1-4 
2015/11/24 22:01:28 INFO  - jmeter.threads.JMeterThread: Thread finished: Thread Group 1-4 
2015/11/24 22:01:28 INFO  - jmeter.threads.JMeterThread: Stopping because end time detected by thread: Thread Group 1-20 
2015/11/24 22:01:28 INFO  - jmeter.threads.JMeterThread: Thread finished: Thread Group 1-20 
2015/11/24 22:01:28 INFO  - jmeter.engine.StandardJMeterEngine: Notifying test listeners of end of test 
2015/11/24 22:01:28 INFO  - jmeter.reporters.Summariser: summary +     92 in  28.2s =    3.3/s Avg:  7155 Min:  5751 Max:  8915 Err:     0 (0.00%) Active: 0 Started: 25 Finished: 25 
2015/11/24 22:01:28 INFO  - jmeter.reporters.Summariser: summary =    900 in   307s =    2.9/s Avg:  6774 Min:  5005 Max: 10956 Err:     0 (0.00%) 
